2013-10-29 16:39:32,232 DEBUG [com.jje.common.utils.RestClient] - RestClient url:http://gatewayqa.jje.com:5555/gateway/city/list
2013-10-29 16:40:46,172 DEBUG [com.jje.common.utils.RestClient] - RestClient url:http://gatewayqa.jje.com:5555/gateway/city/list
2013-10-29 17:32:17,690 DEBUG [com.jje.common.utils.RestClient] - RestClient url:http://gatewayqa.jje.com:5555/gateway/city/list
2013-10-29 17:32:17,690 DEBUG [com.jje.common.utils.RestClient] - RestClient url:http://gatewayqa.jje.com:5555/gateway/city/list
2013-10-29 17:32:19,989 ERROR [com.jje.mobile.carnival.remote.CarnivalControllerProxy] - 查询酒店城市列表异常
com.jje.common.exception.RestClientException: post: http://gatewayqa.jje.com:5555/gateway/city/list
could not find writer for content-type application/xml type: com.jje.mobile.util.BaseForm
	at com.jje.common.utils.RestClient.post(RestClient.java:34)
	at com.jje.common.utils.RestClient.post(RestClient.java:24)
	at com.jje.mobile.carnival.remote.CarnivalControllerProxy.getHotelCityListByAll(CarnivalControllerProxy.java:28)
	at com.jje.mobile.carnival.CarnivalController.activityPage(CarnivalController.java:29)
	at sun.reflect.NativeMethodAccessorImpl.invoke0(Native Method)
	at sun.reflect.NativeMethodAccessorImpl.invoke(NativeMethodAccessorImpl.java:39)
	at sun.reflect.DelegatingMethodAccessorImpl.invoke(DelegatingMethodAccessorImpl.java:25)
	at java.lang.reflect.Method.invoke(Method.java:597)
	at org.springframework.web.bind.annotation.support.HandlerMethodInvoker.invokeHandlerMethod(HandlerMethodInvoker.java:176)
	at org.springframework.web.servlet.mvc.annotation.AnnotationMethodHandlerAdapter.invokeHandlerMethod(AnnotationMethodHandlerAdapter.java:426)
	at org.springframework.web.servlet.mvc.annotation.AnnotationMethodHandlerAdapter.handle(AnnotationMethodHandlerAdapter.java:414)
	at org.springframework.web.servlet.DispatcherServlet.doDispatch(DispatcherServlet.java:790)
	at org.springframework.web.servlet.DispatcherServlet.doService(DispatcherServlet.java:719)
	at org.springframework.web.servlet.FrameworkServlet.processRequest(FrameworkServlet.java:644)
	at org.springframework.web.servlet.FrameworkServlet.doGet(FrameworkServlet.java:549)
	at javax.servlet.http.HttpServlet.service(HttpServlet.java:707)
	at javax.servlet.http.HttpServlet.service(HttpServlet.java:820)
	at org.mortbay.jetty.servlet.ServletHolder.handle(ServletHolder.java:502)
	at org.mortbay.jetty.servlet.ServletHandler$CachedChain.doFilter(ServletHandler.java:1148)
	at org.springframework.web.filter.HiddenHttpMethodFilter.doFilterInternal(HiddenHttpMethodFilter.java:77)
	at org.springframework.web.filter.OncePerRequestFilter.doFilter(OncePerRequestFilter.java:76)
	at org.mortbay.jetty.servlet.ServletHandler$CachedChain.doFilter(ServletHandler.java:1139)
	at org.springframework.web.filter.CharacterEncodingFilter.doFilterInternal(CharacterEncodingFilter.java:88)
	at org.springframework.web.filter.OncePerRequestFilter.doFilter(OncePerRequestFilter.java:76)
	at org.mortbay.jetty.servlet.ServletHandler$CachedChain.doFilter(ServletHandler.java:1139)
	at org.mortbay.jetty.servlet.ServletHandler.handle(ServletHandler.java:378)
	at org.mortbay.jetty.security.SecurityHandler.handle(SecurityHandler.java:216)
	at org.mortbay.jetty.servlet.SessionHandler.handle(SessionHandler.java:181)
	at org.mortbay.jetty.handler.ContextHandler.handle(ContextHandler.java:765)
	at org.mortbay.jetty.webapp.WebAppContext.handle(WebAppContext.java:417)
	at org.mortbay.jetty.handler.ContextHandlerCollection.handle(ContextHandlerCollection.java:230)
	at org.mortbay.jetty.handler.HandlerCollection.handle(HandlerCollection.java:114)
	at org.mortbay.jetty.handler.HandlerWrapper.handle(HandlerWrapper.java:152)
	at org.mortbay.jetty.Server.handle(Server.java:324)
	at org.mortbay.jetty.HttpConnection.handleRequest(HttpConnection.java:535)
	at org.mortbay.jetty.HttpConnection$RequestHandler.headerComplete(HttpConnection.java:865)
	at org.mortbay.jetty.HttpParser.parseNext(HttpParser.java:539)
	at org.mortbay.jetty.HttpParser.parseAvailable(HttpParser.java:212)
	at org.mortbay.jetty.HttpConnection.handle(HttpConnection.java:404)
	at org.mortbay.io.nio.SelectChannelEndPoint.run(SelectChannelEndPoint.java:409)
	at org.mortbay.thread.QueuedThreadPool$PoolThread.run(QueuedThreadPool.java:520)
Caused by: java.lang.RuntimeException: could not find writer for content-type application/xml type: com.jje.mobile.util.BaseForm
	at org.jboss.resteasy.client.ClientRequest.writeRequestBody(ClientRequest.java:474)
	at org.jboss.resteasy.client.core.executors.ApacheHttpClientExecutor$ClientRequestEntity.<init>(ApacheHttpClientExecutor.java:154)
	at org.jboss.resteasy.client.core.executors.ApacheHttpClientExecutor.loadHttpMethod(ApacheHttpClientExecutor.java:226)
	at org.jboss.resteasy.client.core.executors.ApacheHttpClientExecutor.execute(ApacheHttpClientExecutor.java:78)
	at org.jboss.resteasy.core.interception.ClientExecutionContextImpl.proceed(ClientExecutionContextImpl.java:39)
	at org.jboss.resteasy.plugins.interceptors.encoding.AcceptEncodingGZIPInterceptor.execute(AcceptEncodingGZIPInterceptor.java:40)
	at org.jboss.resteasy.core.interception.ClientExecutionContextImpl.proceed(ClientExecutionContextImpl.java:45)
	at org.jboss.resteasy.client.ClientRequest.execute(ClientRequest.java:449)
	at org.jboss.resteasy.client.ClientRequest.httpMethod(ClientRequest.java:679)
	at org.jboss.resteasy.client.ClientRequest.post(ClientRequest.java:570)
	at com.jje.common.utils.RestClient.post(RestClient.java:32)
	... 40 more
2013-10-29 17:32:19,989 ERROR [com.jje.mobile.carnival.remote.CarnivalControllerProxy] - 查询酒店城市列表异常
com.jje.common.exception.RestClientException: post: http://gatewayqa.jje.com:5555/gateway/city/list
could not find writer for content-type application/xml type: com.jje.mobile.util.BaseForm
	at com.jje.common.utils.RestClient.post(RestClient.java:34)
	at com.jje.common.utils.RestClient.post(RestClient.java:24)
	at com.jje.mobile.carnival.remote.CarnivalControllerProxy.getHotelCityListByAll(CarnivalControllerProxy.java:28)
	at com.jje.mobile.carnival.CarnivalController.activityPage(CarnivalController.java:29)
	at sun.reflect.NativeMethodAccessorImpl.invoke0(Native Method)
	at sun.reflect.NativeMethodAccessorImpl.invoke(NativeMethodAccessorImpl.java:39)
	at sun.reflect.DelegatingMethodAccessorImpl.invoke(DelegatingMethodAccessorImpl.java:25)
	at java.lang.reflect.Method.invoke(Method.java:597)
	at org.springframework.web.bind.annotation.support.HandlerMethodInvoker.invokeHandlerMethod(HandlerMethodInvoker.java:176)
	at org.springframework.web.servlet.mvc.annotation.AnnotationMethodHandlerAdapter.invokeHandlerMethod(AnnotationMethodHandlerAdapter.java:426)
	at org.springframework.web.servlet.mvc.annotation.AnnotationMethodHandlerAdapter.handle(AnnotationMethodHandlerAdapter.java:414)
	at org.springframework.web.servlet.DispatcherServlet.doDispatch(DispatcherServlet.java:790)
	at org.springframework.web.servlet.DispatcherServlet.doService(DispatcherServlet.java:719)
	at org.springframework.web.servlet.FrameworkServlet.processRequest(FrameworkServlet.java:644)
	at org.springframework.web.servlet.FrameworkServlet.doGet(FrameworkServlet.java:549)
	at javax.servlet.http.HttpServlet.service(HttpServlet.java:707)
	at javax.servlet.http.HttpServlet.service(HttpServlet.java:820)
	at org.mortbay.jetty.servlet.ServletHolder.handle(ServletHolder.java:502)
	at org.mortbay.jetty.servlet.ServletHandler$CachedChain.doFilter(ServletHandler.java:1148)
	at org.springframework.web.filter.HiddenHttpMethodFilter.doFilterInternal(HiddenHttpMethodFilter.java:77)
	at org.springframework.web.filter.OncePerRequestFilter.doFilter(OncePerRequestFilter.java:76)
	at org.mortbay.jetty.servlet.ServletHandler$CachedChain.doFilter(ServletHandler.java:1139)
	at org.springframework.web.filter.CharacterEncodingFilter.doFilterInternal(CharacterEncodingFilter.java:88)
	at org.springframework.web.filter.OncePerRequestFilter.doFilter(OncePerRequestFilter.java:76)
	at org.mortbay.jetty.servlet.ServletHandler$CachedChain.doFilter(ServletHandler.java:1139)
	at org.mortbay.jetty.servlet.ServletHandler.handle(ServletHandler.java:378)
	at org.mortbay.jetty.security.SecurityHandler.handle(SecurityHandler.java:216)
	at org.mortbay.jetty.servlet.SessionHandler.handle(SessionHandler.java:181)
	at org.mortbay.jetty.handler.ContextHandler.handle(ContextHandler.java:765)
	at org.mortbay.jetty.webapp.WebAppContext.handle(WebAppContext.java:417)
	at org.mortbay.jetty.handler.ContextHandlerCollection.handle(ContextHandlerCollection.java:230)
	at org.mortbay.jetty.handler.HandlerCollection.handle(HandlerCollection.java:114)
	at org.mortbay.jetty.handler.HandlerWrapper.handle(HandlerWrapper.java:152)
	at org.mortbay.jetty.Server.handle(Server.java:324)
	at org.mortbay.jetty.HttpConnection.handleRequest(HttpConnection.java:535)
	at org.mortbay.jetty.HttpConnection$RequestHandler.headerComplete(HttpConnection.java:865)
	at org.mortbay.jetty.HttpParser.parseNext(HttpParser.java:539)
	at org.mortbay.jetty.HttpParser.parseAvailable(HttpParser.java:212)
	at org.mortbay.jetty.HttpConnection.handle(HttpConnection.java:404)
	at org.mortbay.io.nio.SelectChannelEndPoint.run(SelectChannelEndPoint.java:409)
	at org.mortbay.thread.QueuedThreadPool$PoolThread.run(QueuedThreadPool.java:520)
Caused by: java.lang.RuntimeException: could not find writer for content-type application/xml type: com.jje.mobile.util.BaseForm
	at org.jboss.resteasy.client.ClientRequest.writeRequestBody(ClientRequest.java:474)
	at org.jboss.resteasy.client.core.executors.ApacheHttpClientExecutor$ClientRequestEntity.<init>(ApacheHttpClientExecutor.java:154)
	at org.jboss.resteasy.client.core.executors.ApacheHttpClientExecutor.loadHttpMethod(ApacheHttpClientExecutor.java:226)
	at org.jboss.resteasy.client.core.executors.ApacheHttpClientExecutor.execute(ApacheHttpClientExecutor.java:78)
	at org.jboss.resteasy.core.interception.ClientExecutionContextImpl.proceed(ClientExecutionContextImpl.java:39)
	at org.jboss.resteasy.plugins.interceptors.encoding.AcceptEncodingGZIPInterceptor.execute(AcceptEncodingGZIPInterceptor.java:40)
	at org.jboss.resteasy.core.interception.ClientExecutionContextImpl.proceed(ClientExecutionContextImpl.java:45)
	at org.jboss.resteasy.client.ClientRequest.execute(ClientRequest.java:449)
	at org.jboss.resteasy.client.ClientRequest.httpMethod(ClientRequest.java:679)
	at org.jboss.resteasy.client.ClientRequest.post(ClientRequest.java:570)
	at com.jje.common.utils.RestClient.post(RestClient.java:32)
	... 40 more
2013-10-29 17:39:23,115 DEBUG [com.jje.common.utils.RestClient] - RestClient url:http://gatewayqa.jje.com:5555/gateway/city/list
2013-10-29 17:39:23,322 ERROR [com.jje.mobile.carnival.remote.CarnivalControllerProxy] - 查询酒店城市列表异常
com.jje.common.exception.RestClientException: post: http://gatewayqa.jje.com:5555/gateway/city/list
could not find writer for content-type application/xml type: com.jje.mobile.util.BaseForm
	at com.jje.common.utils.RestClient.post(RestClient.java:34)
	at com.jje.common.utils.RestClient.post(RestClient.java:24)
	at com.jje.mobile.carnival.remote.CarnivalControllerProxy.getHotelCityListByAll(CarnivalControllerProxy.java:28)
	at com.jje.mobile.carnival.CarnivalController.activityPage(CarnivalController.java:29)
	at sun.reflect.NativeMethodAccessorImpl.invoke0(Native Method)
	at sun.reflect.NativeMethodAccessorImpl.invoke(NativeMethodAccessorImpl.java:39)
	at sun.reflect.DelegatingMethodAccessorImpl.invoke(DelegatingMethodAccessorImpl.java:25)
	at java.lang.reflect.Method.invoke(Method.java:597)
	at org.springframework.web.bind.annotation.support.HandlerMethodInvoker.invokeHandlerMethod(HandlerMethodInvoker.java:176)
	at org.springframework.web.servlet.mvc.annotation.AnnotationMethodHandlerAdapter.invokeHandlerMethod(AnnotationMethodHandlerAdapter.java:426)
	at org.springframework.web.servlet.mvc.annotation.AnnotationMethodHandlerAdapter.handle(AnnotationMethodHandlerAdapter.java:414)
	at org.springframework.web.servlet.DispatcherServlet.doDispatch(DispatcherServlet.java:790)
	at org.springframework.web.servlet.DispatcherServlet.doService(DispatcherServlet.java:719)
	at org.springframework.web.servlet.FrameworkServlet.processRequest(FrameworkServlet.java:644)
	at org.springframework.web.servlet.FrameworkServlet.doGet(FrameworkServlet.java:549)
	at javax.servlet.http.HttpServlet.service(HttpServlet.java:707)
	at javax.servlet.http.HttpServlet.service(HttpServlet.java:820)
	at org.mortbay.jetty.servlet.ServletHolder.handle(ServletHolder.java:502)
	at org.mortbay.jetty.servlet.ServletHandler$CachedChain.doFilter(ServletHandler.java:1148)
	at org.springframework.web.filter.HiddenHttpMethodFilter.doFilterInternal(HiddenHttpMethodFilter.java:77)
	at org.springframework.web.filter.OncePerRequestFilter.doFilter(OncePerRequestFilter.java:76)
	at org.mortbay.jetty.servlet.ServletHandler$CachedChain.doFilter(ServletHandler.java:1139)
	at org.springframework.web.filter.CharacterEncodingFilter.doFilterInternal(CharacterEncodingFilter.java:88)
	at org.springframework.web.filter.OncePerRequestFilter.doFilter(OncePerRequestFilter.java:76)
	at org.mortbay.jetty.servlet.ServletHandler$CachedChain.doFilter(ServletHandler.java:1139)
	at org.mortbay.jetty.servlet.ServletHandler.handle(ServletHandler.java:378)
	at org.mortbay.jetty.security.SecurityHandler.handle(SecurityHandler.java:216)
	at org.mortbay.jetty.servlet.SessionHandler.handle(SessionHandler.java:181)
	at org.mortbay.jetty.handler.ContextHandler.handle(ContextHandler.java:765)
	at org.mortbay.jetty.webapp.WebAppContext.handle(WebAppContext.java:417)
	at org.mortbay.jetty.handler.ContextHandlerCollection.handle(ContextHandlerCollection.java:230)
	at org.mortbay.jetty.handler.HandlerCollection.handle(HandlerCollection.java:114)
	at org.mortbay.jetty.handler.HandlerWrapper.handle(HandlerWrapper.java:152)
	at org.mortbay.jetty.Server.handle(Server.java:324)
	at org.mortbay.jetty.HttpConnection.handleRequest(HttpConnection.java:535)
	at org.mortbay.jetty.HttpConnection$RequestHandler.headerComplete(HttpConnection.java:865)
	at org.mortbay.jetty.HttpParser.parseNext(HttpParser.java:539)
	at org.mortbay.jetty.HttpParser.parseAvailable(HttpParser.java:212)
	at org.mortbay.jetty.HttpConnection.handle(HttpConnection.java:404)
	at org.mortbay.io.nio.SelectChannelEndPoint.run(SelectChannelEndPoint.java:409)
	at org.mortbay.thread.QueuedThreadPool$PoolThread.run(QueuedThreadPool.java:520)
Caused by: java.lang.RuntimeException: could not find writer for content-type application/xml type: com.jje.mobile.util.BaseForm
	at org.jboss.resteasy.client.ClientRequest.writeRequestBody(ClientRequest.java:474)
	at org.jboss.resteasy.client.core.executors.ApacheHttpClientExecutor$ClientRequestEntity.<init>(ApacheHttpClientExecutor.java:154)
	at org.jboss.resteasy.client.core.executors.ApacheHttpClientExecutor.loadHttpMethod(ApacheHttpClientExecutor.java:226)
	at org.jboss.resteasy.client.core.executors.ApacheHttpClientExecutor.execute(ApacheHttpClientExecutor.java:78)
	at org.jboss.resteasy.core.interception.ClientExecutionContextImpl.proceed(ClientExecutionContextImpl.java:39)
	at org.jboss.resteasy.plugins.interceptors.encoding.AcceptEncodingGZIPInterceptor.execute(AcceptEncodingGZIPInterceptor.java:40)
	at org.jboss.resteasy.core.interception.ClientExecutionContextImpl.proceed(ClientExecutionContextImpl.java:45)
	at org.jboss.resteasy.client.ClientRequest.execute(ClientRequest.java:449)
	at org.jboss.resteasy.client.ClientRequest.httpMethod(ClientRequest.java:679)
	at org.jboss.resteasy.client.ClientRequest.post(ClientRequest.java:570)
	at com.jje.common.utils.RestClient.post(RestClient.java:32)
	... 40 more
2013-10-29 17:39:57,391 DEBUG [com.jje.common.utils.RestClient] - RestClient url:http://gatewayqa.jje.com:5555/gateway/city/list
2013-10-29 17:39:57,392 ERROR [com.jje.mobile.carnival.remote.CarnivalControllerProxy] - 查询酒店城市列表异常
com.jje.common.exception.RestClientException: post: http://gatewayqa.jje.com:5555/gateway/city/list
could not find writer for content-type application/xml type: com.jje.mobile.util.BaseForm
	at com.jje.common.utils.RestClient.post(RestClient.java:34)
	at com.jje.common.utils.RestClient.post(RestClient.java:24)
	at com.jje.mobile.carnival.remote.CarnivalControllerProxy.getHotelCityListByAll(CarnivalControllerProxy.java:28)
	at com.jje.mobile.carnival.CarnivalController.activityPage(CarnivalController.java:29)
	at sun.reflect.NativeMethodAccessorImpl.invoke0(Native Method)
	at sun.reflect.NativeMethodAccessorImpl.invoke(NativeMethodAccessorImpl.java:39)
	at sun.reflect.DelegatingMethodAccessorImpl.invoke(DelegatingMethodAccessorImpl.java:25)
	at java.lang.reflect.Method.invoke(Method.java:597)
	at org.springframework.web.bind.annotation.support.HandlerMethodInvoker.invokeHandlerMethod(HandlerMethodInvoker.java:176)
	at org.springframework.web.servlet.mvc.annotation.AnnotationMethodHandlerAdapter.invokeHandlerMethod(AnnotationMethodHandlerAdapter.java:426)
	at org.springframework.web.servlet.mvc.annotation.AnnotationMethodHandlerAdapter.handle(AnnotationMethodHandlerAdapter.java:414)
	at org.springframework.web.servlet.DispatcherServlet.doDispatch(DispatcherServlet.java:790)
	at org.springframework.web.servlet.DispatcherServlet.doService(DispatcherServlet.java:719)
	at org.springframework.web.servlet.FrameworkServlet.processRequest(FrameworkServlet.java:644)
	at org.springframework.web.servlet.FrameworkServlet.doGet(FrameworkServlet.java:549)
	at javax.servlet.http.HttpServlet.service(HttpServlet.java:707)
	at javax.servlet.http.HttpServlet.service(HttpServlet.java:820)
	at org.mortbay.jetty.servlet.ServletHolder.handle(ServletHolder.java:502)
	at org.mortbay.jetty.servlet.ServletHandler$CachedChain.doFilter(ServletHandler.java:1148)
	at org.springframework.web.filter.HiddenHttpMethodFilter.doFilterInternal(HiddenHttpMethodFilter.java:77)
	at org.springframework.web.filter.OncePerRequestFilter.doFilter(OncePerRequestFilter.java:76)
	at org.mortbay.jetty.servlet.ServletHandler$CachedChain.doFilter(ServletHandler.java:1139)
	at org.springframework.web.filter.CharacterEncodingFilter.doFilterInternal(CharacterEncodingFilter.java:88)
	at org.springframework.web.filter.OncePerRequestFilter.doFilter(OncePerRequestFilter.java:76)
	at org.mortbay.jetty.servlet.ServletHandler$CachedChain.doFilter(ServletHandler.java:1139)
	at org.mortbay.jetty.servlet.ServletHandler.handle(ServletHandler.java:378)
	at org.mortbay.jetty.security.SecurityHandler.handle(SecurityHandler.java:216)
	at org.mortbay.jetty.servlet.SessionHandler.handle(SessionHandler.java:181)
	at org.mortbay.jetty.handler.ContextHandler.handle(ContextHandler.java:765)
	at org.mortbay.jetty.webapp.WebAppContext.handle(WebAppContext.java:417)
	at org.mortbay.jetty.handler.ContextHandlerCollection.handle(ContextHandlerCollection.java:230)
	at org.mortbay.jetty.handler.HandlerCollection.handle(HandlerCollection.java:114)
	at org.mortbay.jetty.handler.HandlerWrapper.handle(HandlerWrapper.java:152)
	at org.mortbay.jetty.Server.handle(Server.java:324)
	at org.mortbay.jetty.HttpConnection.handleRequest(HttpConnection.java:535)
	at org.mortbay.jetty.HttpConnection$RequestHandler.headerComplete(HttpConnection.java:865)
	at org.mortbay.jetty.HttpParser.parseNext(HttpParser.java:539)
	at org.mortbay.jetty.HttpParser.parseAvailable(HttpParser.java:212)
	at org.mortbay.jetty.HttpConnection.handle(HttpConnection.java:404)
	at org.mortbay.io.nio.SelectChannelEndPoint.run(SelectChannelEndPoint.java:409)
	at org.mortbay.thread.QueuedThreadPool$PoolThread.run(QueuedThreadPool.java:520)
Caused by: java.lang.RuntimeException: could not find writer for content-type application/xml type: com.jje.mobile.util.BaseForm
	at org.jboss.resteasy.client.ClientRequest.writeRequestBody(ClientRequest.java:474)
	at org.jboss.resteasy.client.core.executors.ApacheHttpClientExecutor$ClientRequestEntity.<init>(ApacheHttpClientExecutor.java:154)
	at org.jboss.resteasy.client.core.executors.ApacheHttpClientExecutor.loadHttpMethod(ApacheHttpClientExecutor.java:226)
	at org.jboss.resteasy.client.core.executors.ApacheHttpClientExecutor.execute(ApacheHttpClientExecutor.java:78)
	at org.jboss.resteasy.core.interception.ClientExecutionContextImpl.proceed(ClientExecutionContextImpl.java:39)
	at org.jboss.resteasy.plugins.interceptors.encoding.AcceptEncodingGZIPInterceptor.execute(AcceptEncodingGZIPInterceptor.java:40)
	at org.jboss.resteasy.core.interception.ClientExecutionContextImpl.proceed(ClientExecutionContextImpl.java:45)
	at org.jboss.resteasy.client.ClientRequest.execute(ClientRequest.java:449)
	at org.jboss.resteasy.client.ClientRequest.httpMethod(ClientRequest.java:679)
	at org.jboss.resteasy.client.ClientRequest.post(ClientRequest.java:570)
	at com.jje.common.utils.RestClient.post(RestClient.java:32)
	... 40 more
2013-11-01 15:21:52,710 ERROR [com.jje.mobile.carnival.remote.CarnivalControllerProxy] - 查询酒店城市列表异常
java.net.ConnectException: Operation timed out
	at java.net.PlainSocketImpl.socketConnect(Native Method)
	at java.net.PlainSocketImpl.doConnect(PlainSocketImpl.java:382)
	at java.net.PlainSocketImpl.connectToAddress(PlainSocketImpl.java:241)
	at java.net.PlainSocketImpl.connect(PlainSocketImpl.java:228)
	at java.net.SocksSocketImpl.connect(SocksSocketImpl.java:431)
	at java.net.Socket.connect(Socket.java:527)
	at java.net.Socket.connect(Socket.java:476)
	at sun.net.NetworkClient.doConnect(NetworkClient.java:163)
	at sun.net.www.http.HttpClient.openServer(HttpClient.java:424)
	at sun.net.www.http.HttpClient.openServer(HttpClient.java:538)
	at sun.net.www.http.HttpClient.<init>(HttpClient.java:214)
	at sun.net.www.http.HttpClient.New(HttpClient.java:300)
	at sun.net.www.http.HttpClient.New(HttpClient.java:319)
	at sun.net.www.protocol.http.HttpURLConnection.getNewHttpClient(HttpURLConnection.java:987)
	at sun.net.www.protocol.http.HttpURLConnection.plainConnect(HttpURLConnection.java:923)
	at sun.net.www.protocol.http.HttpURLConnection.connect(HttpURLConnection.java:841)
	at sun.net.www.protocol.http.HttpURLConnection.getOutputStream(HttpURLConnection.java:1031)
	at com.jje.mobile.util.HttpRequester.send(HttpRequester.java:162)
	at com.jje.mobile.util.HttpRequester.sendPost(HttpRequester.java:100)
	at com.jje.mobile.carnival.remote.CarnivalControllerProxy.getHotelCityListByAll(CarnivalControllerProxy.java:33)
	at com.jje.mobile.carnival.CarnivalController.activityPage(CarnivalController.java:34)
	at sun.reflect.NativeMethodAccessorImpl.invoke0(Native Method)
	at sun.reflect.NativeMethodAccessorImpl.invoke(NativeMethodAccessorImpl.java:39)
	at sun.reflect.DelegatingMethodAccessorImpl.invoke(DelegatingMethodAccessorImpl.java:25)
	at java.lang.reflect.Method.invoke(Method.java:597)
	at org.springframework.web.bind.annotation.support.HandlerMethodInvoker.invokeHandlerMethod(HandlerMethodInvoker.java:176)
	at org.springframework.web.servlet.mvc.annotation.AnnotationMethodHandlerAdapter.invokeHandlerMethod(AnnotationMethodHandlerAdapter.java:426)
	at org.springframework.web.servlet.mvc.annotation.AnnotationMethodHandlerAdapter.handle(AnnotationMethodHandlerAdapter.java:414)
	at org.springframework.web.servlet.DispatcherServlet.doDispatch(DispatcherServlet.java:790)
	at org.springframework.web.servlet.DispatcherServlet.doService(DispatcherServlet.java:719)
	at org.springframework.web.servlet.FrameworkServlet.processRequest(FrameworkServlet.java:644)
	at org.springframework.web.servlet.FrameworkServlet.doGet(FrameworkServlet.java:549)
	at javax.servlet.http.HttpServlet.service(HttpServlet.java:707)
	at javax.servlet.http.HttpServlet.service(HttpServlet.java:820)
	at org.mortbay.jetty.servlet.ServletHolder.handle(ServletHolder.java:502)
	at org.mortbay.jetty.servlet.ServletHandler$CachedChain.doFilter(ServletHandler.java:1148)
	at org.springframework.web.filter.HiddenHttpMethodFilter.doFilterInternal(HiddenHttpMethodFilter.java:77)
	at org.springframework.web.filter.OncePerRequestFilter.doFilter(OncePerRequestFilter.java:76)
	at org.mortbay.jetty.servlet.ServletHandler$CachedChain.doFilter(ServletHandler.java:1139)
	at org.springframework.web.filter.CharacterEncodingFilter.doFilterInternal(CharacterEncodingFilter.java:88)
	at org.springframework.web.filter.OncePerRequestFilter.doFilter(OncePerRequestFilter.java:76)
	at org.mortbay.jetty.servlet.ServletHandler$CachedChain.doFilter(ServletHandler.java:1139)
	at org.mortbay.jetty.servlet.ServletHandler.handle(ServletHandler.java:378)
	at org.mortbay.jetty.security.SecurityHandler.handle(SecurityHandler.java:216)
	at org.mortbay.jetty.servlet.SessionHandler.handle(SessionHandler.java:181)
	at org.mortbay.jetty.handler.ContextHandler.handle(ContextHandler.java:765)
	at org.mortbay.jetty.webapp.WebAppContext.handle(WebAppContext.java:417)
	at org.mortbay.jetty.handler.ContextHandlerCollection.handle(ContextHandlerCollection.java:230)
	at org.mortbay.jetty.handler.HandlerCollection.handle(HandlerCollection.java:114)
	at org.mortbay.jetty.handler.HandlerWrapper.handle(HandlerWrapper.java:152)
	at org.mortbay.jetty.Server.handle(Server.java:324)
	at org.mortbay.jetty.HttpConnection.handleRequest(HttpConnection.java:535)
	at org.mortbay.jetty.HttpConnection$RequestHandler.headerComplete(HttpConnection.java:865)
	at org.mortbay.jetty.HttpParser.parseNext(HttpParser.java:539)
	at org.mortbay.jetty.HttpParser.parseAvailable(HttpParser.java:212)
	at org.mortbay.jetty.HttpConnection.handle(HttpConnection.java:404)
	at org.mortbay.io.nio.SelectChannelEndPoint.run(SelectChannelEndPoint.java:409)
	at org.mortbay.thread.QueuedThreadPool$PoolThread.run(QueuedThreadPool.java:520)
2013-11-01 15:22:37,255 ERROR [com.jje.mobile.carnival.remote.CarnivalControllerProxy] - 查询酒店城市列表异常
java.net.ConnectException: Operation timed out
	at java.net.PlainSocketImpl.socketConnect(Native Method)
	at java.net.PlainSocketImpl.doConnect(PlainSocketImpl.java:382)
	at java.net.PlainSocketImpl.connectToAddress(PlainSocketImpl.java:241)
	at java.net.PlainSocketImpl.connect(PlainSocketImpl.java:228)
	at java.net.SocksSocketImpl.connect(SocksSocketImpl.java:431)
	at java.net.Socket.connect(Socket.java:527)
	at java.net.Socket.connect(Socket.java:476)
	at sun.net.NetworkClient.doConnect(NetworkClient.java:163)
	at sun.net.www.http.HttpClient.openServer(HttpClient.java:424)
	at sun.net.www.http.HttpClient.openServer(HttpClient.java:538)
	at sun.net.www.http.HttpClient.<init>(HttpClient.java:214)
	at sun.net.www.http.HttpClient.New(HttpClient.java:300)
	at sun.net.www.http.HttpClient.New(HttpClient.java:319)
	at sun.net.www.protocol.http.HttpURLConnection.getNewHttpClient(HttpURLConnection.java:987)
	at sun.net.www.protocol.http.HttpURLConnection.plainConnect(HttpURLConnection.java:923)
	at sun.net.www.protocol.http.HttpURLConnection.connect(HttpURLConnection.java:841)
	at sun.net.www.protocol.http.HttpURLConnection.getOutputStream(HttpURLConnection.java:1031)
	at com.jje.mobile.util.HttpRequester.send(HttpRequester.java:162)
	at com.jje.mobile.util.HttpRequester.sendPost(HttpRequester.java:100)
	at com.jje.mobile.carnival.remote.CarnivalControllerProxy.getHotelCityListByAll(CarnivalControllerProxy.java:33)
	at com.jje.mobile.carnival.CarnivalController.activityPage(CarnivalController.java:34)
	at sun.reflect.NativeMethodAccessorImpl.invoke0(Native Method)
	at sun.reflect.NativeMethodAccessorImpl.invoke(NativeMethodAccessorImpl.java:39)
	at sun.reflect.DelegatingMethodAccessorImpl.invoke(DelegatingMethodAccessorImpl.java:25)
	at java.lang.reflect.Method.invoke(Method.java:597)
	at org.springframework.web.bind.annotation.support.HandlerMethodInvoker.invokeHandlerMethod(HandlerMethodInvoker.java:176)
	at org.springframework.web.servlet.mvc.annotation.AnnotationMethodHandlerAdapter.invokeHandlerMethod(AnnotationMethodHandlerAdapter.java:426)
	at org.springframework.web.servlet.mvc.annotation.AnnotationMethodHandlerAdapter.handle(AnnotationMethodHandlerAdapter.java:414)
	at org.springframework.web.servlet.DispatcherServlet.doDispatch(DispatcherServlet.java:790)
	at org.springframework.web.servlet.DispatcherServlet.doService(DispatcherServlet.java:719)
	at org.springframework.web.servlet.FrameworkServlet.processRequest(FrameworkServlet.java:644)
	at org.springframework.web.servlet.FrameworkServlet.doGet(FrameworkServlet.java:549)
	at javax.servlet.http.HttpServlet.service(HttpServlet.java:707)
	at javax.servlet.http.HttpServlet.service(HttpServlet.java:820)
	at org.mortbay.jetty.servlet.ServletHolder.handle(ServletHolder.java:502)
	at org.mortbay.jetty.servlet.ServletHandler$CachedChain.doFilter(ServletHandler.java:1148)
	at org.springframework.web.filter.HiddenHttpMethodFilter.doFilterInternal(HiddenHttpMethodFilter.java:77)
	at org.springframework.web.filter.OncePerRequestFilter.doFilter(OncePerRequestFilter.java:76)
	at org.mortbay.jetty.servlet.ServletHandler$CachedChain.doFilter(ServletHandler.java:1139)
	at org.springframework.web.filter.CharacterEncodingFilter.doFilterInternal(CharacterEncodingFilter.java:88)
	at org.springframework.web.filter.OncePerRequestFilter.doFilter(OncePerRequestFilter.java:76)
	at org.mortbay.jetty.servlet.ServletHandler$CachedChain.doFilter(ServletHandler.java:1139)
	at org.mortbay.jetty.servlet.ServletHandler.handle(ServletHandler.java:378)
	at org.mortbay.jetty.security.SecurityHandler.handle(SecurityHandler.java:216)
	at org.mortbay.jetty.servlet.SessionHandler.handle(SessionHandler.java:181)
	at org.mortbay.jetty.handler.ContextHandler.handle(ContextHandler.java:765)
	at org.mortbay.jetty.webapp.WebAppContext.handle(WebAppContext.java:417)
	at org.mortbay.jetty.handler.ContextHandlerCollection.handle(ContextHandlerCollection.java:230)
	at org.mortbay.jetty.handler.HandlerCollection.handle(HandlerCollection.java:114)
	at org.mortbay.jetty.handler.HandlerWrapper.handle(HandlerWrapper.java:152)
	at org.mortbay.jetty.Server.handle(Server.java:324)
	at org.mortbay.jetty.HttpConnection.handleRequest(HttpConnection.java:535)
	at org.mortbay.jetty.HttpConnection$RequestHandler.headerComplete(HttpConnection.java:865)
	at org.mortbay.jetty.HttpParser.parseNext(HttpParser.java:539)
	at org.mortbay.jetty.HttpParser.parseAvailable(HttpParser.java:212)
	at org.mortbay.jetty.HttpConnection.handle(HttpConnection.java:404)
	at org.mortbay.io.nio.SelectChannelEndPoint.run(SelectChannelEndPoint.java:409)
	at org.mortbay.thread.QueuedThreadPool$PoolThread.run(QueuedThreadPool.java:520)
2013-11-01 15:25:29,978 ERROR [com.jje.mobile.carnival.remote.CarnivalControllerProxy] - 查询酒店城市列表异常
java.net.ConnectException: Operation timed out
	at java.net.PlainSocketImpl.socketConnect(Native Method)
	at java.net.PlainSocketImpl.doConnect(PlainSocketImpl.java:382)
	at java.net.PlainSocketImpl.connectToAddress(PlainSocketImpl.java:241)
	at java.net.PlainSocketImpl.connect(PlainSocketImpl.java:228)
	at java.net.SocksSocketImpl.connect(SocksSocketImpl.java:431)
	at java.net.Socket.connect(Socket.java:527)
	at java.net.Socket.connect(Socket.java:476)
	at sun.net.NetworkClient.doConnect(NetworkClient.java:163)
	at sun.net.www.http.HttpClient.openServer(HttpClient.java:424)
	at sun.net.www.http.HttpClient.openServer(HttpClient.java:538)
	at sun.net.www.http.HttpClient.<init>(HttpClient.java:214)
	at sun.net.www.http.HttpClient.New(HttpClient.java:300)
	at sun.net.www.http.HttpClient.New(HttpClient.java:319)
	at sun.net.www.protocol.http.HttpURLConnection.getNewHttpClient(HttpURLConnection.java:987)
	at sun.net.www.protocol.http.HttpURLConnection.plainConnect(HttpURLConnection.java:923)
	at sun.net.www.protocol.http.HttpURLConnection.connect(HttpURLConnection.java:841)
	at sun.net.www.protocol.http.HttpURLConnection.getOutputStream(HttpURLConnection.java:1031)
	at com.jje.mobile.util.HttpRequester.send(HttpRequester.java:162)
	at com.jje.mobile.util.HttpRequester.sendPost(HttpRequester.java:100)
	at com.jje.mobile.carnival.remote.CarnivalControllerProxy.getHotelCityListByAll(CarnivalControllerProxy.java:33)
	at com.jje.mobile.carnival.CarnivalController.activityPage(CarnivalController.java:34)
	at sun.reflect.NativeMethodAccessorImpl.invoke0(Native Method)
	at sun.reflect.NativeMethodAccessorImpl.invoke(NativeMethodAccessorImpl.java:39)
	at sun.reflect.DelegatingMethodAccessorImpl.invoke(DelegatingMethodAccessorImpl.java:25)
	at java.lang.reflect.Method.invoke(Method.java:597)
	at org.springframework.web.bind.annotation.support.HandlerMethodInvoker.invokeHandlerMethod(HandlerMethodInvoker.java:176)
	at org.springframework.web.servlet.mvc.annotation.AnnotationMethodHandlerAdapter.invokeHandlerMethod(AnnotationMethodHandlerAdapter.java:426)
	at org.springframework.web.servlet.mvc.annotation.AnnotationMethodHandlerAdapter.handle(AnnotationMethodHandlerAdapter.java:414)
	at org.springframework.web.servlet.DispatcherServlet.doDispatch(DispatcherServlet.java:790)
	at org.springframework.web.servlet.DispatcherServlet.doService(DispatcherServlet.java:719)
	at org.springframework.web.servlet.FrameworkServlet.processRequest(FrameworkServlet.java:644)
	at org.springframework.web.servlet.FrameworkServlet.doGet(FrameworkServlet.java:549)
	at javax.servlet.http.HttpServlet.service(HttpServlet.java:707)
	at javax.servlet.http.HttpServlet.service(HttpServlet.java:820)
	at org.mortbay.jetty.servlet.ServletHolder.handle(ServletHolder.java:502)
	at org.mortbay.jetty.servlet.ServletHandler$CachedChain.doFilter(ServletHandler.java:1148)
	at org.springframework.web.filter.HiddenHttpMethodFilter.doFilterInternal(HiddenHttpMethodFilter.java:77)
	at org.springframework.web.filter.OncePerRequestFilter.doFilter(OncePerRequestFilter.java:76)
	at org.mortbay.jetty.servlet.ServletHandler$CachedChain.doFilter(ServletHandler.java:1139)
	at org.springframework.web.filter.CharacterEncodingFilter.doFilterInternal(CharacterEncodingFilter.java:88)
	at org.springframework.web.filter.OncePerRequestFilter.doFilter(OncePerRequestFilter.java:76)
	at org.mortbay.jetty.servlet.ServletHandler$CachedChain.doFilter(ServletHandler.java:1139)
	at org.mortbay.jetty.servlet.ServletHandler.handle(ServletHandler.java:378)
	at org.mortbay.jetty.security.SecurityHandler.handle(SecurityHandler.java:216)
	at org.mortbay.jetty.servlet.SessionHandler.handle(SessionHandler.java:181)
	at org.mortbay.jetty.handler.ContextHandler.handle(ContextHandler.java:765)
	at org.mortbay.jetty.webapp.WebAppContext.handle(WebAppContext.java:417)
	at org.mortbay.jetty.handler.ContextHandlerCollection.handle(ContextHandlerCollection.java:230)
	at org.mortbay.jetty.handler.HandlerCollection.handle(HandlerCollection.java:114)
	at org.mortbay.jetty.handler.HandlerWrapper.handle(HandlerWrapper.java:152)
	at org.mortbay.jetty.Server.handle(Server.java:324)
	at org.mortbay.jetty.HttpConnection.handleRequest(HttpConnection.java:535)
	at org.mortbay.jetty.HttpConnection$RequestHandler.headerComplete(HttpConnection.java:865)
	at org.mortbay.jetty.HttpParser.parseNext(HttpParser.java:539)
	at org.mortbay.jetty.HttpParser.parseAvailable(HttpParser.java:212)
	at org.mortbay.jetty.HttpConnection.handle(HttpConnection.java:404)
	at org.mortbay.io.nio.SelectChannelEndPoint.run(SelectChannelEndPoint.java:409)
	at org.mortbay.thread.QueuedThreadPool$PoolThread.run(QueuedThreadPool.java:520)
